<?xml version="1.0" encoding="UTF-8"?>
<!-- Generated by org.testng.reporters.JUnitReportReporter -->
<testsuite hostname="DESKTOP-ULCDI8E" failures="0" tests="2" name="basicetest.ProductListingTest" time="1.218" errors="0" timestamp="2025-03-21T22:23:30 IST" skipped="0">
  <testcase classname="basicetest.ProductListingTest" name="TC_PL_001" time="0.804"/>
  <testcase classname="basicetest.ProductListingTest" name="addToCartAndVerify" time="0.414"/>
</testsuite> <!-- basicetest.ProductListingTest -->
