<?xml version="1.0" encoding="UTF-8"?>
<!-- Generated by org.testng.reporters.JUnitReportReporter -->
<testsuite hostname="DESKTOP-ULCDI8E" failures="0" tests="1" name="scenario.LoginFunctionality" time="0.707" errors="0" timestamp="2025-03-18T22:36:21 IST" skipped="0">
  <testcase classname="scenario.LoginFunctionality" name="valideUser" time="0.707"/>
</testsuite> <!-- scenario.LoginFunctionality -->
