<?xml version="1.0" encoding="UTF-8"?>
<!-- Generated by org.testng.reporters.JUnitReportReporter -->
<testsuite hostname="DESKTOP-ULCDI8E" failures="0" tests="3" name="standard_user.Login" time="1.615" errors="0" timestamp="2025-03-20T22:08:32 IST" skipped="0">
  <testcase classname="standard_user.Login" name="valideUser" time="0.727"/>
  <testcase classname="standard_user.Login" name="usernameToUppercase" time="0.470"/>
  <testcase classname="standard_user.Login" name="lockedOutUser" time="0.418"/>
</testsuite> <!-- standard_user.Login -->
