<?xml version="1.0" encoding="UTF-8"?>
<!-- Generated by org.testng.reporters.JUnitReportReporter -->
<testsuite hostname="DESKTOP-ULCDI8E" failures="0" tests="2" name="testcase.Login" time="2.045" errors="0" timestamp="2025-03-19T22:05:49 IST" skipped="0">
  <testcase classname="testcase.Login" name="valideUser" time="1.109"/>
  <testcase classname="testcase.Login" name="usernameToUppercase" time="0.936"/>
</testsuite> <!-- testcase.Login -->
