<?xml version="1.0" encoding="UTF-8"?>
<!-- Generated by org.testng.reporters.JUnitReportReporter -->
<testsuite hostname="DESKTOP-ULCDI8E" failures="0" tests="4" name="basicetest.ProductListingTest" time="3.184" errors="0" timestamp="2025-03-23T17:26:57 IST" skipped="0">
  <testcase classname="basicetest.ProductListingTest" name="TC_PL_001" time="1.033"/>
  <testcase classname="basicetest.ProductListingTest" name="addToCartAndVerify" time="0.343"/>
  <testcase classname="basicetest.ProductListingTest" name="clickToProductVerify" time="0.348"/>
  <testcase classname="basicetest.ProductListingTest" name="productContainer" time="1.460"/>
</testsuite> <!-- basicetest.ProductListingTest -->
