<?xml version="1.0" encoding="UTF-8"?>
<!-- Generated by org.testng.reporters.JUnitReportReporter -->
<testsuite hostname="DESKTOP-ULCDI8E" failures="0" tests="1" name="basicetest.CardTest" time="0.393" errors="0" timestamp="2025-03-28T22:30:58 IST" skipped="0">
  <testcase classname="basicetest.CardTest" name="TC_AC_001" time="0.393"/>
</testsuite> <!-- basicetest.CardTest -->
