<?xml version="1.0" encoding="UTF-8"?>
<!-- Generated by org.testng.reporters.JUnitReportReporter -->
<testsuite hostname="DESKTOP-ULCDI8E" failures="0" tests="3" name="standard_user.Login" time="2.884" errors="0" timestamp="2025-03-19T22:19:50 IST" skipped="0">
  <testcase classname="standard_user.Login" name="valideUser" time="1.156"/>
  <testcase classname="standard_user.Login" name="usernameToUppercase" time="1.004"/>
  <testcase classname="standard_user.Login" name="lockedOutUser" time="0.724"/>
</testsuite> <!-- standard_user.Login -->
